<?xml version="1.0" encoding="UTF-8"?>
<!-- Generated by org.testng.reporters.JUnitXMLReporter -->
<testsuite ignored="1" hostname="DESKTOP-D9L1E3E" failures="0" tests="3" name="Default test" time="26.474" errors="0" timestamp="2022-02-12T22:25:46 EST">
  <testcase classname="com.signInTest.SignInTest" name="signInTest1" time="4.792"/>
  <testcase classname="com.signInTest.SignInTest" name="signInTest1" time="4.9"/>
  <testcase classname="com.signInTest.SignInTest" name="signInTest1" time="5.073"/>
  <testcase classname="com.signInTest.SignInTest" name="signInTest" time="0.0">
    <ignored/>
  </testcase> <!-- signInTest -->
</testsuite> <!-- Default test -->
