<?xml version="1.0" encoding="UTF-8"?>
<!-- Generated by org.testng.reporters.JUnitXMLReporter -->
<testsuite ignored="1" hostname="DESKTOP-D9L1E3E" failures="0" tests="3" name="Test" time="25.023" errors="0" timestamp="2022-02-12T22:33:39 EST">
  <testcase classname="com.signInTest.SignInTest" name="signInTest1" time="4.18"/>
  <testcase classname="com.signInTest.SignInTest" name="signInTest1" time="4.372"/>
  <testcase classname="com.signInTest.SignInTest" name="signInTest1" time="4.289"/>
  <testcase classname="com.signInTest.SignInTest" name="signInTest" time="0.0">
    <ignored/>
  </testcase> <!-- signInTest -->
</testsuite> <!-- Test -->
