<?xml version="1.0" encoding="UTF-8"?>
<testng-results ignored="0" total="1" passed="1" failed="0" skipped="0">
  <reporter-output>
  </reporter-output>
  <suite started-at="2022-02-09T03:39:31 EST" name="Default suite" finished-at="2022-02-09T03:39:39 EST" duration-ms="7802">
    <groups>
    </groups>
    <test started-at="2022-02-09T03:39:31 EST" name="Default test" finished-at="2022-02-09T03:39:39 EST" duration-ms="7802">
      <class name="com.signInTest.SignInTest">
        <test-method is-config="true" signature="setUp()[pri:0, instance:com.signInTest.SignInTest@32ee6fee]" started-at="2022-02-09T03:39:31 EST" name="setUp" finished-at="2022-02-09T03:39:35 EST" duration-ms="3515" status="PASS">
          <reporter-output>
          </reporter-output>
        </test-method> <!-- setUp -->
        <test-method signature="signInTest()[pri:0, instance:com.signInTest.SignInTest@32ee6fee]" started-at="2022-02-09T03:39:35 EST" name="signInTest" finished-at="2022-02-09T03:39:38 EST" duration-ms="3947" status="PASS">
          <reporter-output>
          </reporter-output>
        </test-method> <!-- signInTest -->
        <test-method is-config="true" signature="tearUp()[pri:0, instance:com.signInTest.SignInTest@32ee6fee]" started-at="2022-02-09T03:39:38 EST" name="tearUp" finished-at="2022-02-09T03:39:39 EST" duration-ms="308" status="PASS">
          <reporter-output>
          </reporter-output>
        </test-method> <!-- tearUp -->
      </class> <!-- com.signInTest.SignInTest -->
    </test> <!-- Default test -->
  </suite> <!-- Default suite -->
</testng-results>
